build 3rd-party software ...
mpifort -c  -O2 -march=native -r8 -fpconstant -fpp -DMPI -DUNDERSCORE -DTIMER -I/scratch/n/ngrisoua/zemskova/sample_simulation -I/home/n/ngrisoua/zemskova/Nek5000/core -I./ /home/n/ngrisoua/zemskova/Nek5000/core/drive.f -o obj/drive.o
mpifort -c  -O2 -march=native -r8 -fpconstant -fpp -DMPI -DUNDERSCORE -DTIMER -I/scratch/n/ngrisoua/zemskova/sample_simulation -I/home/n/ngrisoua/zemskova/Nek5000/core -I./ /home/n/ngrisoua/zemskova/Nek5000/core/drive1.f -o obj/drive1.o
mpifort -c  -O2 -march=native -r8 -fpconstant -fpp -DMPI -DUNDERSCORE -DTIMER -I/scratch/n/ngrisoua/zemskova/sample_simulation -I/home/n/ngrisoua/zemskova/Nek5000/core -I./ /home/n/ngrisoua/zemskova/Nek5000/core/drive2.f -o obj/drive2.o
mpifort -c  -O2 -march=native -r8 -fpconstant -fpp -DMPI -DUNDERSCORE -DTIMER -I/scratch/n/ngrisoua/zemskova/sample_simulation -I/home/n/ngrisoua/zemskova/Nek5000/core -I./ /home/n/ngrisoua/zemskova/Nek5000/core/plan5.f -o obj/plan5.o
mpifort -c  -O2 -march=native -r8 -fpconstant -fpp -DMPI -DUNDERSCORE -DTIMER -I/scratch/n/ngrisoua/zemskova/sample_simulation -I/home/n/ngrisoua/zemskova/Nek5000/core -I./ /home/n/ngrisoua/zemskova/Nek5000/core/plan4.f -o obj/plan4.o
mpifort -c  -O2 -march=native -r8 -fpconstant -fpp -DMPI -DUNDERSCORE -DTIMER -I/scratch/n/ngrisoua/zemskova/sample_simulation -I/home/n/ngrisoua/zemskova/Nek5000/core -I./ /home/n/ngrisoua/zemskova/Nek5000/core/bdry.f -o obj/bdry.o
mpifort -c  -O2 -march=native -r8 -fpconstant -fpp -DMPI -DUNDERSCORE -DTIMER -I/scratch/n/ngrisoua/zemskova/sample_simulation -I/home/n/ngrisoua/zemskova/Nek5000/core -I./ /home/n/ngrisoua/zemskova/Nek5000/core/coef.f -o obj/coef.o
mpifort -c  -O2 -march=native -r8 -fpconstant -fpp -DMPI -DUNDERSCORE -DTIMER -I/scratch/n/ngrisoua/zemskova/sample_simulation -I/home/n/ngrisoua/zemskova/Nek5000/core -I./ /home/n/ngrisoua/zemskova/Nek5000/core/conduct.f -o obj/conduct.o
mpifort -c  -O2 -march=native -r8 -fpconstant -fpp -DMPI -DUNDERSCORE -DTIMER -I/scratch/n/ngrisoua/zemskova/sample_simulation -I/home/n/ngrisoua/zemskova/Nek5000/core -I./ /home/n/ngrisoua/zemskova/Nek5000/core/connect1.f -o obj/connect1.o
mpifort -c  -O2 -march=native -r8 -fpconstant -fpp -DMPI -DUNDERSCORE -DTIMER -I/scratch/n/ngrisoua/zemskova/sample_simulation -I/home/n/ngrisoua/zemskova/Nek5000/core -I./ /home/n/ngrisoua/zemskova/Nek5000/core/connect2.f -o obj/connect2.o
mpifort -c  -O2 -march=native -r8 -fpconstant -fpp -DMPI -DUNDERSCORE -DTIMER -I/scratch/n/ngrisoua/zemskova/sample_simulation -I/home/n/ngrisoua/zemskova/Nek5000/core -I./ /home/n/ngrisoua/zemskova/Nek5000/core/dssum.f -o obj/dssum.o
mpifort -c  -O2 -march=native -r8 -fpconstant -fpp -DMPI -DUNDERSCORE -DTIMER -I/scratch/n/ngrisoua/zemskova/sample_simulation -I/home/n/ngrisoua/zemskova/Nek5000/core -I./ /home/n/ngrisoua/zemskova/Nek5000/core/edgec.f -o obj/edgec.o
mpifort -c  -O2 -march=native -r8 -fpconstant -fpp -DMPI -DUNDERSCORE -DTIMER -I/scratch/n/ngrisoua/zemskova/sample_simulation -I/home/n/ngrisoua/zemskova/Nek5000/core -I./ /home/n/ngrisoua/zemskova/Nek5000/core/eigsolv.f -o obj/eigsolv.o
mpifort -c  -O2 -march=native -r8 -fpconstant -fpp -DMPI -DUNDERSCORE -DTIMER -I/scratch/n/ngrisoua/zemskova/sample_simulation -I/home/n/ngrisoua/zemskova/Nek5000/core -I./ /home/n/ngrisoua/zemskova/Nek5000/core/gauss.f -o obj/gauss.o
mpifort -c  -O2 -march=native -r8 -fpconstant -fpp -DMPI -DUNDERSCORE -DTIMER -I/scratch/n/ngrisoua/zemskova/sample_simulation -I/home/n/ngrisoua/zemskova/Nek5000/core -I./ /home/n/ngrisoua/zemskova/Nek5000/core/genxyz.f -o obj/genxyz.o
mpifort -c  -O2 -march=native -r8 -fpconstant -fpp -DMPI -DUNDERSCORE -DTIMER -I/scratch/n/ngrisoua/zemskova/sample_simulation -I/home/n/ngrisoua/zemskova/Nek5000/core -I./ /home/n/ngrisoua/zemskova/Nek5000/core/navier1.f -o obj/navier1.o
mpifort -c  -O2 -march=native -r8 -fpconstant -fpp -DMPI -DUNDERSCORE -DTIMER -I/scratch/n/ngrisoua/zemskova/sample_simulation -I/home/n/ngrisoua/zemskova/Nek5000/core -I./ /home/n/ngrisoua/zemskova/Nek5000/core/makeq.f -o obj/makeq.o
mpifort -c  -O2 -march=native -r8 -fpconstant -fpp -DMPI -DUNDERSCORE -DTIMER -I/scratch/n/ngrisoua/zemskova/sample_simulation -I/home/n/ngrisoua/zemskova/Nek5000/core -I./ /home/n/ngrisoua/zemskova/Nek5000/core/navier0.f -o obj/navier0.o
mpifort -c  -O2 -march=native -r8 -fpconstant -fpp -DMPI -DUNDERSCORE -DTIMER -I/scratch/n/ngrisoua/zemskova/sample_simulation -I/home/n/ngrisoua/zemskova/Nek5000/core -I./ /home/n/ngrisoua/zemskova/Nek5000/core/navier2.f -o obj/navier2.o
mpifort -c  -O2 -march=native -r8 -fpconstant -fpp -DMPI -DUNDERSCORE -DTIMER -I/scratch/n/ngrisoua/zemskova/sample_simulation -I/home/n/ngrisoua/zemskova/Nek5000/core -I./ /home/n/ngrisoua/zemskova/Nek5000/core/navier3.f -o obj/navier3.o
mpifort -c  -O2 -march=native -r8 -fpconstant -fpp -DMPI -DUNDERSCORE -DTIMER -I/scratch/n/ngrisoua/zemskova/sample_simulation -I/home/n/ngrisoua/zemskova/Nek5000/core -I./ /home/n/ngrisoua/zemskova/Nek5000/core/navier4.f -o obj/navier4.o
/home/n/ngrisoua/zemskova/Nek5000/core/navier1.f(3253): warning #6371: A jump into a block from outside the block may have occurred.   [101]
      if (.not. ifdeal(ifield)) goto 101
-------------------------------------^
mpifort -c  -O2 -march=native -r8 -fpconstant -fpp -DMPI -DUNDERSCORE -DTIMER -I/scratch/n/ngrisoua/zemskova/sample_simulation -I/home/n/ngrisoua/zemskova/Nek5000/core -I./ /home/n/ngrisoua/zemskova/Nek5000/core/prepost.f -o obj/prepost.o
mpifort -c  -O2 -march=native -r8 -fpconstant -fpp -DMPI -DUNDERSCORE -DTIMER -I/scratch/n/ngrisoua/zemskova/sample_simulation -I/home/n/ngrisoua/zemskova/Nek5000/core -I./ /home/n/ngrisoua/zemskova/Nek5000/core/speclib.f -o obj/speclib.o
mpifort -c  -O2 -march=native -r8 -fpconstant -fpp -DMPI -DUNDERSCORE -DTIMER -I/scratch/n/ngrisoua/zemskova/sample_simulation -I/home/n/ngrisoua/zemskova/Nek5000/core -I./ /home/n/ngrisoua/zemskova/Nek5000/core/map2.f -o obj/map2.o
mpifort -c  -O2 -march=native -r8 -fpconstant -fpp -DMPI -DUNDERSCORE -DTIMER -I/scratch/n/ngrisoua/zemskova/sample_simulation -I/home/n/ngrisoua/zemskova/Nek5000/core -I./ /home/n/ngrisoua/zemskova/Nek5000/core/mvmesh.f -o obj/mvmesh.o
mpifort -c  -O2 -march=native -r8 -fpconstant -fpp -DMPI -DUNDERSCORE -DTIMER -I/scratch/n/ngrisoua/zemskova/sample_simulation -I/home/n/ngrisoua/zemskova/Nek5000/core -I./ /home/n/ngrisoua/zemskova/Nek5000/core/ic.f -o obj/ic.o
mpifort -c  -O2 -march=native -r8 -fpconstant -fpp -DMPI -DUNDERSCORE -DTIMER -I/scratch/n/ngrisoua/zemskova/sample_simulation -I/home/n/ngrisoua/zemskova/Nek5000/core -I./ /home/n/ngrisoua/zemskova/Nek5000/core/gfldr.f -o obj/gfldr.o
/home/n/ngrisoua/zemskova/Nek5000/core/gfldr.f(149): remark #8291: Recommended relationship between field width 'W' and the number of fractional digits 'D' in this edit descriptor is 'W>=D+7'.
      if(nio.eq.0) write(6,'(A,1(1g8.2),A)')
-----------------------------------^
mpifort -c  -O2 -march=native -r8 -fpconstant -fpp -DMPI -DUNDERSCORE -DTIMER -I/scratch/n/ngrisoua/zemskova/sample_simulation -I/home/n/ngrisoua/zemskova/Nek5000/core -I./ /home/n/ngrisoua/zemskova/Nek5000/core/ssolv.f -o obj/ssolv.o
mpifort -c  -O2 -march=native -r8 -fpconstant -fpp -DMPI -DUNDERSCORE -DTIMER -I/scratch/n/ngrisoua/zemskova/sample_simulation -I/home/n/ngrisoua/zemskova/Nek5000/core -I./ /home/n/ngrisoua/zemskova/Nek5000/core/planx.f -o obj/planx.o
mpifort -c  -O3 -march=native -r8 -fpconstant -fpp -DMPI -DUNDERSCORE -DTIMER -I/scratch/n/ngrisoua/zemskova/sample_simulation -I/home/n/ngrisoua/zemskova/Nek5000/core -I./ /home/n/ngrisoua/zemskova/Nek5000/core/math.f -o obj/math.o
mpifort -c  -O2 -march=native -r8 -fpconstant -fpp -DMPI -DUNDERSCORE -DTIMER -I/scratch/n/ngrisoua/zemskova/sample_simulation -I/home/n/ngrisoua/zemskova/Nek5000/core -I./ /home/n/ngrisoua/zemskova/Nek5000/core/mxm_wrapper.f -o obj/mxm_wrapper.o 
mpifort -c  -O2 -march=native -r8 -fpconstant -fpp -DMPI -DUNDERSCORE -DTIMER -I/scratch/n/ngrisoua/zemskova/sample_simulation -I/home/n/ngrisoua/zemskova/Nek5000/core -I./ /home/n/ngrisoua/zemskova/Nek5000/core/hmholtz.f -o obj/hmholtz.o
mpifort -c  -O2 -march=native -r8 -fpconstant -fpp -DMPI -DUNDERSCORE -DTIMER -I/scratch/n/ngrisoua/zemskova/sample_simulation -I/home/n/ngrisoua/zemskova/Nek5000/core -I./ /home/n/ngrisoua/zemskova/Nek5000/core/gfdm_par.f -o obj/gfdm_par.o
mpifort -c  -O2 -march=native -r8 -fpconstant -fpp -DMPI -DUNDERSCORE -DTIMER -I/scratch/n/ngrisoua/zemskova/sample_simulation -I/home/n/ngrisoua/zemskova/Nek5000/core -I./ /home/n/ngrisoua/zemskova/Nek5000/core/gfdm_op.f -o obj/gfdm_op.o
mpifort -c  -O2 -march=native -r8 -fpconstant -fpp -DMPI -DUNDERSCORE -DTIMER -I/scratch/n/ngrisoua/zemskova/sample_simulation -I/home/n/ngrisoua/zemskova/Nek5000/core -I./ /home/n/ngrisoua/zemskova/Nek5000/core/gfdm_solve.f -o obj/gfdm_solve.o
mpifort -c  -O2 -march=native -r8 -fpconstant -fpp -DMPI -DUNDERSCORE -DTIMER -I/scratch/n/ngrisoua/zemskova/sample_simulation -I/home/n/ngrisoua/zemskova/Nek5000/core -I./ /home/n/ngrisoua/zemskova/Nek5000/core/subs1.f -o obj/subs1.o
mpifort -c  -O2 -march=native -r8 -fpconstant -fpp -DMPI -DUNDERSCORE -DTIMER -I/scratch/n/ngrisoua/zemskova/sample_simulation -I/home/n/ngrisoua/zemskova/Nek5000/core -I./ /home/n/ngrisoua/zemskova/Nek5000/core/subs2.f -o obj/subs2.o
mpifort -c  -O2 -march=native -r8 -fpconstant -fpp -DMPI -DUNDERSCORE -DTIMER -I/scratch/n/ngrisoua/zemskova/sample_simulation -I/home/n/ngrisoua/zemskova/Nek5000/core -I./ /home/n/ngrisoua/zemskova/Nek5000/core/genbox.f -o obj/genbox.o
mpifort -c  -O2 -march=native -r8 -fpconstant -fpp -DMPI -DUNDERSCORE -DTIMER -I/scratch/n/ngrisoua/zemskova/sample_simulation -I/home/n/ngrisoua/zemskova/Nek5000/core -I./ /home/n/ngrisoua/zemskova/Nek5000/core/gmres.f -o obj/gmres.o
mpifort -c  -O2 -march=native -r8 -fpconstant -fpp -DMPI -DUNDERSCORE -DTIMER -I/scratch/n/ngrisoua/zemskova/sample_simulation -I/home/n/ngrisoua/zemskova/Nek5000/core -I./ /home/n/ngrisoua/zemskova/Nek5000/core/hsmg.f -o obj/hsmg.o
mpifort -c  -O2 -march=native -r8 -fpconstant -fpp -DMPI -DUNDERSCORE -DTIMER -I/scratch/n/ngrisoua/zemskova/sample_simulation -I/home/n/ngrisoua/zemskova/Nek5000/core -I./ /home/n/ngrisoua/zemskova/Nek5000/core/convect.f -o obj/convect.o
mpifort -c  -O2 -march=native -r8 -fpconstant -fpp -DMPI -DUNDERSCORE -DTIMER -I/scratch/n/ngrisoua/zemskova/sample_simulation -I/home/n/ngrisoua/zemskova/Nek5000/core -I./ /home/n/ngrisoua/zemskova/Nek5000/core/induct.f -o obj/induct.o
mpifort -c  -O2 -march=native -r8 -fpconstant -fpp -DMPI -DUNDERSCORE -DTIMER -I/scratch/n/ngrisoua/zemskova/sample_simulation -I/home/n/ngrisoua/zemskova/Nek5000/core -I./ /home/n/ngrisoua/zemskova/Nek5000/core/perturb.f -o obj/perturb.o
mpifort -c  -O2 -march=native -r8 -fpconstant -fpp -DMPI -DUNDERSCORE -DTIMER -I/scratch/n/ngrisoua/zemskova/sample_simulation -I/home/n/ngrisoua/zemskova/Nek5000/core -I./ /home/n/ngrisoua/zemskova/Nek5000/core/navier5.f -o obj/navier5.o
mpifort -c  -O2 -march=native -r8 -fpconstant -fpp -DMPI -DUNDERSCORE -DTIMER -I/scratch/n/ngrisoua/zemskova/sample_simulation -I/home/n/ngrisoua/zemskova/Nek5000/core -I./ /home/n/ngrisoua/zemskova/Nek5000/core/navier6.f -o obj/navier6.o
mpifort -c  -O2 -march=native -r8 -fpconstant -fpp -DMPI -DUNDERSCORE -DTIMER -I/scratch/n/ngrisoua/zemskova/sample_simulation -I/home/n/ngrisoua/zemskova/Nek5000/core -I./ /home/n/ngrisoua/zemskova/Nek5000/core/navier7.f -o obj/navier7.o
mpifort -c  -O2 -march=native -r8 -fpconstant -fpp -DMPI -DUNDERSCORE -DTIMER -I/scratch/n/ngrisoua/zemskova/sample_simulation -I/home/n/ngrisoua/zemskova/Nek5000/core -I./ /home/n/ngrisoua/zemskova/Nek5000/core/navier8.f -o obj/navier8.o
mpifort -c  -O2 -march=native -r8 -fpconstant -fpp -DMPI -DUNDERSCORE -DTIMER -I/scratch/n/ngrisoua/zemskova/sample_simulation -I/home/n/ngrisoua/zemskova/Nek5000/core -I./ /home/n/ngrisoua/zemskova/Nek5000/core/fast3d.f -o obj/fast3d.o
mpifort -c  -O2 -march=native -r8 -fpconstant -fpp -DMPI -DUNDERSCORE -DTIMER -I/scratch/n/ngrisoua/zemskova/sample_simulation -I/home/n/ngrisoua/zemskova/Nek5000/core -I./ /home/n/ngrisoua/zemskova/Nek5000/core/fasts.f -o obj/fasts.o
mpifort -c  -O2 -march=native -r8 -fpconstant -fpp -DMPI -DUNDERSCORE -DTIMER -I/scratch/n/ngrisoua/zemskova/sample_simulation -I/home/n/ngrisoua/zemskova/Nek5000/core -I./ /home/n/ngrisoua/zemskova/Nek5000/core/calcz.f -o obj/calcz.o
mpicc -c  -O2 -O2 -march=native -DMPI -DUNDERSCORE -DTIMER /home/n/ngrisoua/zemskova/Nek5000/core/byte.c -o obj/byte.o
mpicc -c  -O2 -O2 -march=native -DMPI -DUNDERSCORE -DTIMER /home/n/ngrisoua/zemskova/Nek5000/core/chelpers.c -o obj/chelpers.o
mpifort -c  -O2 -march=native -r8 -fpconstant -fpp -DMPI -DUNDERSCORE -DTIMER -I/scratch/n/ngrisoua/zemskova/sample_simulation -I/home/n/ngrisoua/zemskova/Nek5000/core -I./ /home/n/ngrisoua/zemskova/Nek5000/core/byte_mpi.f -o obj/byte_mpi.o
mpifort -c  -O2 -march=native -r8 -fpconstant -fpp -DMPI -DUNDERSCORE -DTIMER -I/scratch/n/ngrisoua/zemskova/sample_simulation -I/home/n/ngrisoua/zemskova/Nek5000/core -I./ /home/n/ngrisoua/zemskova/Nek5000/core/postpro.f -o obj/postpro.o
mpifort -c  -O2 -march=native -r8 -fpconstant -fpp -DMPI -DUNDERSCORE -DTIMER -I/scratch/n/ngrisoua/zemskova/sample_simulation -I/home/n/ngrisoua/zemskova/Nek5000/core -I./ /home/n/ngrisoua/zemskova/Nek5000/core/intp_usr.f -o obj/intp_usr.o
mpifort -c  -O2 -march=native -r8 -fpconstant -fpp -DMPI -DUNDERSCORE -DTIMER -I/scratch/n/ngrisoua/zemskova/sample_simulation -I/home/n/ngrisoua/zemskova/Nek5000/core -I./ /home/n/ngrisoua/zemskova/Nek5000/core/cvode_driver.f -o obj/cvode_driver.o
mpicc -c  -O2 -O2 -march=native -DMPI -DUNDERSCORE -DTIMER /home/n/ngrisoua/zemskova/Nek5000/core/nek_comm.c -o obj/nek_comm.o
mpifort -c  -O2 -march=native -r8 -fpconstant -fpp -DMPI -DUNDERSCORE -DTIMER -I/scratch/n/ngrisoua/zemskova/sample_simulation -I/home/n/ngrisoua/zemskova/Nek5000/core -I./ /home/n/ngrisoua/zemskova/Nek5000/core/vprops.f -o obj/vprops.o
mpifort -c  -O2 -march=native -r8 -fpconstant -fpp -DMPI -DUNDERSCORE -DTIMER -I/scratch/n/ngrisoua/zemskova/sample_simulation -I/home/n/ngrisoua/zemskova/Nek5000/core -I./ /home/n/ngrisoua/zemskova/Nek5000/core/makeq_aux.f -o obj/makeq_aux.o
mpifort -c  -O2 -march=native -r8 -fpconstant -fpp -DMPI -DUNDERSCORE -DTIMER -I/scratch/n/ngrisoua/zemskova/sample_simulation -I/home/n/ngrisoua/zemskova/Nek5000/core -I./ /home/n/ngrisoua/zemskova/Nek5000/core/papi.f -o obj/papi.o
mpifort -c   -O2 -march=native -r8 -fpconstant -fpp -DMPI -DUNDERSCORE -DTIMER -I/scratch/n/ngrisoua/zemskova/sample_simulation -I/home/n/ngrisoua/zemskova/Nek5000/core -I./ /home/n/ngrisoua/zemskova/Nek5000/core/3rd_party/nek_in_situ.f -o obj/nek_in_situ.o
mpifort -c  -O2 -march=native -r8 -fpconstant -fpp -DMPI -DUNDERSCORE -DTIMER -I/scratch/n/ngrisoua/zemskova/sample_simulation -I/home/n/ngrisoua/zemskova/Nek5000/core -I./ /home/n/ngrisoua/zemskova/Nek5000/core/reader_rea.f -o obj/reader_rea.o
mpifort -c  -O2 -march=native -r8 -fpconstant -fpp -DMPI -DUNDERSCORE -DTIMER -I/scratch/n/ngrisoua/zemskova/sample_simulation -I/home/n/ngrisoua/zemskova/Nek5000/core -I./ /home/n/ngrisoua/zemskova/Nek5000/core/reader_par.f -o obj/reader_par.o
mpifort -c  -O2 -march=native -r8 -fpconstant -fpp -DMPI -DUNDERSCORE -DTIMER -I/scratch/n/ngrisoua/zemskova/sample_simulation -I/home/n/ngrisoua/zemskova/Nek5000/core -I./ /home/n/ngrisoua/zemskova/Nek5000/core/reader_re2.f -o obj/reader_re2.o
/home/n/ngrisoua/zemskova/Nek5000/core/reader_re2.f(61): remark #8291: Recommended relationship between field width 'W' and the number of fractional digits 'D' in this edit descriptor is 'W>=D+7'.
      if(nio.eq.0) write(6,'(A,1(1g8.2),A,/)')
-----------------------------------^
mpicc  -c  -O2 -O2 -march=native -DMPI -DUNDERSCORE -DTIMER  /home/n/ngrisoua/zemskova/Nek5000/core/3rd_party/finiparser.c -o obj/finiparser.o
mpicc  -c  -O2 -O2 -march=native -DMPI -DUNDERSCORE -DTIMER  /home/n/ngrisoua/zemskova/Nek5000/core/3rd_party/iniparser.c -o obj/iniparser.o
mpicc  -c  -O2 -O2 -march=native -DMPI -DUNDERSCORE -DTIMER  /home/n/ngrisoua/zemskova/Nek5000/core/3rd_party/dictionary.c -o obj/dictionary.o
mpif77 -c  -O2 -march=native -r8 -fpconstant -fpp -DMPI -DUNDERSCORE -DTIMER -I/scratch/n/ngrisoua/zemskova/sample_simulation -I/home/n/ngrisoua/zemskova/Nek5000/core -I./ /home/n/ngrisoua/zemskova/Nek5000/core/hpf.f -o obj/hpf.o
mpifort -c  -O3 -march=native -r8 -fpconstant -fpp -DMPI -DUNDERSCORE -DTIMER -I/scratch/n/ngrisoua/zemskova/sample_simulation -I/home/n/ngrisoua/zemskova/Nek5000/core -I./ /home/n/ngrisoua/zemskova/Nek5000/core/mxm_std.f -o obj/mxm_std.o
mpifort -c  -O2 -march=native -r8 -fpconstant -fpp -DMPI -DUNDERSCORE -DTIMER -I/scratch/n/ngrisoua/zemskova/sample_simulation -I/home/n/ngrisoua/zemskova/Nek5000/core -I./ /home/n/ngrisoua/zemskova/Nek5000/core/comm_mpi.f -o obj/comm_mpi.o
/home/n/ngrisoua/zemskova/Nek5000/core/comm_mpi.f(89): remark #8291: Recommended relationship between field width 'W' and the number of fractional digits 'D' in this edit descriptor is 'W>=D+7'.
         WRITE(6,'(A,1pE8.2)') ' Timer accuracy      : ',edif
------------------------^
mpifort -c  -O2 -march=native -r8 -fpconstant -fpp -DMPI -DUNDERSCORE -DTIMER -I/scratch/n/ngrisoua/zemskova/sample_simulation -I/home/n/ngrisoua/zemskova/Nek5000/core -I./ /home/n/ngrisoua/zemskova/Nek5000/core/singlmesh.f -o obj/singlmesh.o
mpifort -c  -O0 -DMPI -DUNDERSCORE -DTIMER /home/n/ngrisoua/zemskova/Nek5000/core/3rd_party/blas.f -o obj/blas.o
mpifort -c  -O0 -DMPI -DUNDERSCORE -DTIMER /home/n/ngrisoua/zemskova/Nek5000/core/3rd_party/dsygv.f -o obj/dsygv.o
‘strat.usr’ -> ‘strat.f’
mpifort -c  -O2 -march=native -r8 -fpconstant -fpp -DMPI -DUNDERSCORE -DTIMER -I/scratch/n/ngrisoua/zemskova/sample_simulation -I/home/n/ngrisoua/zemskova/Nek5000/core -I./ /scratch/n/ngrisoua/zemskova/sample_simulation/strat.f  -o obj/strat.o 
mpifort  -O2 -march=native -r8 -fpconstant -fpp -DMPI -DUNDERSCORE -DTIMER -I/scratch/n/ngrisoua/zemskova/sample_simulation -I/home/n/ngrisoua/zemskova/Nek5000/core -I./ -o nek5000 obj/strat.o obj/drive.o obj/drive1.o obj/drive2.o obj/plan5.o obj/plan4.o obj/bdry.o obj/coef.o obj/conduct.o obj/connect1.o obj/connect2.o obj/dssum.o obj/edgec.o obj/eigsolv.o obj/gauss.o obj/genxyz.o obj/navier1.o obj/makeq.o obj/navier0.o obj/navier2.o obj/navier3.o obj/navier4.o obj/prepost.o obj/speclib.o obj/map2.o obj/mvmesh.o obj/ic.o obj/gfldr.o obj/ssolv.o obj/planx.o obj/math.o obj/mxm_wrapper.o obj/hmholtz.o obj/gfdm_par.o obj/gfdm_op.o obj/gfdm_solve.o obj/subs1.o obj/subs2.o obj/genbox.o obj/gmres.o obj/hsmg.o obj/convect.o obj/induct.o obj/perturb.o obj/navier5.o obj/navier6.o obj/navier7.o obj/navier8.o obj/fast3d.o obj/fasts.o obj/calcz.o obj/byte.o obj/chelpers.o obj/byte_mpi.o obj/postpro.o obj/intp_usr.o obj/cvode_driver.o obj/nek_comm.o obj/vprops.o obj/makeq_aux.o obj/papi.o obj/nek_in_situ.o obj/reader_rea.o obj/reader_par.o obj/reader_re2.o obj/finiparser.o obj/iniparser.o obj/dictionary.o obj/hpf.o obj/mxm_std.o obj/comm_mpi.o obj/singlmesh.o obj/blas.o obj/dsygv.o -L/home/n/ngrisoua/zemskova/Nek5000/3rd_party/gslib/lib -lgs 

#############################################################
#                  Compilation successful!                  #
#############################################################
   text	   data	    bss	    dec	    hex	filename
6007608	 106432	1636005300	1642119340	61e0c0ac	nek5000


